0 info it worked if it ends with ok
1 verbose cli [ 'C:\\Program Files\\nodejs\\node.exe',
1 verbose cli   'C:\\Program Files\\nodejs\\node_modules\\npm\\bin\\npm-cli.js',
1 verbose cli   'run',
1 verbose cli   'build' ]
2 info using npm@3.10.3
3 info using node@v6.4.0
4 verbose run-script [ 'prebuild', 'build', 'postbuild' ]
5 info lifecycle webpack-guide@1.0.0~prebuild: webpack-guide@1.0.0
6 silly lifecycle webpack-guide@1.0.0~prebuild: no script for prebuild, continuing
7 info lifecycle webpack-guide@1.0.0~build: webpack-guide@1.0.0
8 verbose lifecycle webpack-guide@1.0.0~build: unsafe-perm in lifecycle true
9 verbose lifecycle webpack-guide@1.0.0~build: PATH: C:\Program Files\nodejs\node_modules\npm\bin\node-gyp-bin;E:\SourceSave\webpack\webpack-guide\node_modules\.bin;C:\Program Files\nodejs;C:\Users\Administrator\bin;C:\Users\Administrator\AppData\Local\GitHub\PortableGit_284a859b0e6deba86edc624fef1e4db2aa8241a9\usr\local\bin;C:\Users\Administrator\AppData\Local\GitHub\PortableGit_284a859b0e6deba86edc624fef1e4db2aa8241a9\usr\bin;C:\Users\Administrator\AppData\Local\GitHub\PortableGit_284a859b0e6deba86edc624fef1e4db2aa8241a9\usr\bin;C:\Users\Administrator\AppData\Local\GitHub\PortableGit_284a859b0e6deba86edc624fef1e4db2aa8241a9\cmd;C:\Users\Administrator\AppData\Local\GitHub\PortableGit_284a859b0e6deba86edc624fef1e4db2aa8241a9\usr\bin;C:\Users\Administrator\AppData\Local\GitHub\PortableGit_284a859b0e6deba86edc624fef1e4db2aa8241a9\usr\share\git-tfs;C:\Users\Administrator\AppData\Local\Apps\2.0\BRJNKMOW.ZWQ\LYG73748.7JY\gith..tion_317444273a93ac29_0003.0003_8ab99c64725fcf02;C:\Users\Administrator\AppData\Local\GitHub\lfs-amd64_1.3.1;C:\Program Files\Java\jdk1.8.0_91;D:\Program Files\ImageMagick;C:\Program Files (x86)\AMD APP\bin\x86_64;C:\Program Files (x86)\AMD APP\bin\x86;C:\ProgramData\Oracle\Java\javapath;C:\Windows\system32;C:\Windows;C:\Windows\System32\Wbem;C:\Windows\System32\WindowsPowerShell\v1.0;E:\Shortcut;C:\Program Files (x86)\ATI Technologies\ATI.ACE\Core-Static;D:\Program Files (x86)\Windows7Master;C:\Program Files\nodejs;D:\Program Files\TortoiseSVN\bin;C:\Users\Administrator\AppData\Roaming\npm;D:\Program Files\Graphviz\bin;C:\Windows\Microsoft.NET\Framework\v4.0.30319;C:\Users\Administrator\AppData\Local\GitHub\PortableGit_284a859b0e6deba86edc624fef1e4db2aa8241a9\usr\bin\vendor_perl;C:\Users\Administrator\AppData\Local\GitHub\PortableGit_284a859b0e6deba86edc624fef1e4db2aa8241a9\usr\bin\core_perl
10 verbose lifecycle webpack-guide@1.0.0~build: CWD: E:\SourceSave\webpack\webpack-guide
11 silly lifecycle webpack-guide@1.0.0~build: Args: [ '/d /s /c', 'webpack --config webpack.config.js' ]
12 silly lifecycle webpack-guide@1.0.0~build: Returned: code: 2  signal: null
13 info lifecycle webpack-guide@1.0.0~build: Failed to exec build script
14 verbose stack Error: webpack-guide@1.0.0 build: `webpack --config webpack.config.js`
14 verbose stack Exit status 2
14 verbose stack     at EventEmitter.<anonymous> (C:\Program Files\nodejs\node_modules\npm\lib\utils\lifecycle.js:242:16)
14 verbose stack     at emitTwo (events.js:106:13)
14 verbose stack     at EventEmitter.emit (events.js:191:7)
14 verbose stack     at ChildProcess.<anonymous> (C:\Program Files\nodejs\node_modules\npm\lib\utils\spawn.js:40:14)
14 verbose stack     at emitTwo (events.js:106:13)
14 verbose stack     at ChildProcess.emit (events.js:191:7)
14 verbose stack     at maybeClose (internal/child_process.js:852:16)
14 verbose stack     at Process.ChildProcess._handle.onexit (internal/child_process.js:215:5)
15 verbose pkgid webpack-guide@1.0.0
16 verbose cwd E:\SourceSave\webpack\webpack-guide
17 error Windows_NT 6.1.7601
18 error argv "C:\\Program Files\\nodejs\\node.exe" "C:\\Program Files\\nodejs\\node_modules\\npm\\bin\\npm-cli.js" "run" "build"
19 error node v6.4.0
20 error npm  v3.10.3
21 error code ELIFECYCLE
22 error webpack-guide@1.0.0 build: `webpack --config webpack.config.js`
22 error Exit status 2
23 error Failed at the webpack-guide@1.0.0 build script 'webpack --config webpack.config.js'.
23 error Make sure you have the latest version of node.js and npm installed.
23 error If you do, this is most likely a problem with the webpack-guide package,
23 error not with npm itself.
23 error Tell the author that this fails on your system:
23 error     webpack --config webpack.config.js
23 error You can get information on how to open an issue for this project with:
23 error     npm bugs webpack-guide
23 error Or if that isn't available, you can get their info via:
23 error     npm owner ls webpack-guide
23 error There is likely additional logging output above.
24 verbose exit [ 1, true ]
